AndroidProject/app/src/main/res/mipmap-mdpi/build/intermediates/manifest_merge_blame_file/debug/manifest-merger-blame-debug-report.txt
1<?xml version="1.0" encoding="utf-8"?>
2<manifest xmlns:android="http://schemas.android.com/apk/res/android"
3    package="com.example.spb"
4    android:versionCode="1"
5    android:versionName="1.0" >
6
7    <uses-sdk
8        android:minSdkVersion="21"
8-->src\main\AndroidManifest.xml
9        android:targetSdkVersion="31" />
9-->src\main\AndroidManifest.xml
10
11    <uses-permission android:name="android.permission.WRITE_EXTERNAL_STORAGE" />
11-->src\main\AndroidManifest.xml:4:5-81
11-->src\main\AndroidManifest.xml:4:22-78
12    <uses-permission android:name="android.permission.READ_EXTERNAL_STORAGE" />
12-->src\main\AndroidManifest.xml:5:5-79
12-->src\main\AndroidManifest.xml:5:22-77
13    <uses-permission android:name="android.permission.MOUNT_UNMOUNT_FILESYSTEMS" />
13-->src\main\AndroidManifest.xml:6:5-83
13-->src\main\AndroidManifest.xml:6:22-81
14
15    <application
15-->src\main\AndroidManifest.xml:7:5-44:19
16        android:allowBackup="true"
16-->src\main\AndroidManifest.xml:8:9-35
17        android:appComponentFactory="androidx.core.app.CoreComponentFactory"
17-->[androidx.core:core:1.3.1] AndroidManifest.xml:24:18-86
18        android:debuggable="true"
19        android:icon="@mipmap/ic_launcher"
19-->src\main\AndroidManifest.xml:9:9-43
20        android:label="@string/app_name"
20-->src\main\AndroidManifest.xml:10:9-41
21        android:requestLegacyExternalStorage="true"
21-->src\main\AndroidManifest.xml:13:9-52
22        android:roundIcon="@mipmap/ic_launcher_round"
22-->src\main\AndroidManifest.xml:11:9-54
23        android:supportsRtl="true"
23-->src\main\AndroidManifest.xml:12:9-35
24        android:theme="@style/Theme.Spb" >
24-->src\main\AndroidManifest.xml:14:9-41
25        <activity
25-->src\main\AndroidManifest.xml:15:9-17:39
26            android:name="com.example.spb.PhotoDisplay"
26-->src\main\AndroidManifest.xml:16:13-41
27            android:exported="true" />
27-->src\main\AndroidManifest.xml:17:13-36
28        <activity
28-->src\main\AndroidManifest.xml:18:9-20:39
29            android:name="com.example.spb.useCamera"
29-->src\main\AndroidManifest.xml:19:13-38
30            android:exported="true" />
30-->src\main\AndroidManifest.xml:20:13-36
31        <activity
31-->src\main\AndroidManifest.xml:21:9-25:60
32            android:name="com.example.spb.MainActivity2"
32-->src\main\AndroidManifest.xml:22:13-42
33            android:exported="true"
33-->src\main\AndroidManifest.xml:23:13-36
34            android:label="@string/title_activity_main2"
34-->src\main\AndroidManifest.xml:24:13-57
35            android:theme="@style/Theme.Spb.NoActionBar" />
35-->src\main\AndroidManifest.xml:25:13-57
36        <activity
36-->src\main\AndroidManifest.xml:26:9-33:20
37            android:name="com.example.spb.MainActivity"
37-->src\main\AndroidManifest.xml:27:13-41
38            android:exported="true" >
38-->src\main\AndroidManifest.xml:28:13-36
39            <intent-filter>
39-->src\main\AndroidManifest.xml:29:13-32:29
40                <action android:name="android.intent.action.MAIN" />
40-->src\main\AndroidManifest.xml:30:17-69
40-->src\main\AndroidManifest.xml:30:25-66
41
42                <category android:name="android.intent.category.LAUNCHER" />
42-->src\main\AndroidManifest.xml:31:17-77
42-->src\main\AndroidManifest.xml:31:27-74
43            </intent-filter>
44        </activity>
45
46        <provider
46-->src\main\AndroidManifest.xml:35:9-43:20
47            android:name="androidx.core.content.FileProvider"
47-->src\main\AndroidManifest.xml:36:13-62
48            android:authorities="com.example.cameraalbumtest.fileprovider"
48-->src\main\AndroidManifest.xml:37:13-75
49            android:exported="false"
49-->src\main\AndroidManifest.xml:38:13-37
50            android:grantUriPermissions="true" >
50-->src\main\AndroidManifest.xml:39:13-47
51            <meta-data
51-->src\main\AndroidManifest.xml:40:13-42:54
52                android:name="android.support.FILE_PROVIDER_PATHS"
52-->src\main\AndroidManifest.xml:41:17-67
53                android:resource="@xml/file_paths" />
53-->src\main\AndroidManifest.xml:42:17-51
54        </provider>
55    </application>
56
57</manifest>